<?xml version="1.0" encoding="UTF-8"?>
<!-- Generated by org.testng.reporters.JUnitReportReporter -->
<testsuite hostname="DESKTOP-FQMLFPA" name="com.qa.tests.DeletAPITest" tests="1" failures="0" timestamp="10 Jan 2019 13:40:35 GMT" time="3.198" errors="0">
  <testcase name="deleteAPICall" time="3.198" classname="com.qa.tests.DeletAPITest"/>
</testsuite> <!-- com.qa.tests.DeletAPITest -->
