<?xml version="1.0" encoding="UTF-8"?>
<!-- Generated by org.testng.reporters.JUnitReportReporter -->
<testsuite hostname="DESKTOP-FQMLFPA" name="com.qa.tests.PostAPITest" tests="1" failures="0" timestamp="10 Jan 2019 13:02:33 GMT" time="2.320" errors="0">
  <testcase name="postAPITest" time="2.320" classname="com.qa.tests.PostAPITest"/>
</testsuite> <!-- com.qa.tests.PostAPITest -->
