<?xml version="1.0" encoding="UTF-8"?>
<!-- Generated by org.testng.reporters.JUnitReportReporter -->
<testsuite hostname="DESKTOP-FQMLFPA" name="com.qa.tests.GetApiTest" tests="1" failures="0" timestamp="10 Jan 2019 12:12:48 GMT" time="2.180" errors="0">
  <testcase name="getAPITest" time="2.180" classname="com.qa.tests.GetApiTest"/>
</testsuite> <!-- com.qa.tests.GetApiTest -->
